\BOOKMARK [1][-]{section.1}{Vis\343o}{}% 1
\BOOKMARK [2][-]{subsection.1.1}{Escopo do Projeto}{section.1}% 2
\BOOKMARK [2][-]{subsection.1.2}{Escopo n\343o inclu\355do no Projeto}{section.1}% 3
\BOOKMARK [2][-]{subsection.1.3}{Envolvidos no Projeto}{section.1}% 4
\BOOKMARK [2][-]{subsection.1.4}{Gloss\341rio}{section.1}% 5
\BOOKMARK [1][-]{section.2}{Requisitos do Sistema}{}% 6
\BOOKMARK [2][-]{subsection.2.1}{Requisitos Funcionais}{section.2}% 7
\BOOKMARK [2][-]{subsection.2.2}{Requisitos N\343o Funcionais}{section.2}% 8
\BOOKMARK [3][-]{subsubsection.2.2.1}{Requisitos de Comunica\347\343o de Dados, Interface e Interoperabilidade}{subsection.2.2}% 9
\BOOKMARK [3][-]{subsubsection.2.2.2}{Requisitos de Confiabilidade}{subsection.2.2}% 10
\BOOKMARK [3][-]{subsubsection.2.2.3}{Requisitos de Desempenho e Robustez}{subsection.2.2}% 11
\BOOKMARK [3][-]{subsubsection.2.2.4}{Requisitos de Disponibilidade}{subsection.2.2}% 12
\BOOKMARK [3][-]{subsubsection.2.2.5}{Requisitos de Manutenibilidade}{subsection.2.2}% 13
\BOOKMARK [3][-]{subsubsection.2.2.6}{Requisitos de Portabilidade}{subsection.2.2}% 14
\BOOKMARK [3][-]{subsubsection.2.2.7}{Requisitos de Seguran\347a}{subsection.2.2}% 15
\BOOKMARK [3][-]{subsubsection.2.2.8}{Requisitos de Usabilidade}{subsection.2.2}% 16
\BOOKMARK [3][-]{subsubsection.2.2.9}{Restri\347\365es de Projeto e Tecnol\363gicas}{subsection.2.2}% 17
\BOOKMARK [3][-]{subsubsection.2.2.10}{Restri\347\365es Legais}{subsection.2.2}% 18
\BOOKMARK [1][-]{section.3}{Refer\352ncias}{}% 19
\BOOKMARK [1][-]{section.4}{Concord\342ncia do Cliente}{}% 20
